0 info it worked if it ends with ok
1 verbose cli [ '/usr/local/Cellar/node/7.7.3/bin/node',
1 verbose cli   '/usr/local/bin/npm',
1 verbose cli   'run',
1 verbose cli   'server' ]
2 info using npm@4.1.2
3 info using node@v7.7.3
4 verbose run-script [ 'preserver', 'server', 'postserver' ]
5 info lifecycle send-text-osc@1.0.0~preserver: send-text-osc@1.0.0
6 silly lifecycle send-text-osc@1.0.0~preserver: no script for preserver, continuing
7 info lifecycle send-text-osc@1.0.0~server: send-text-osc@1.0.0
8 verbose lifecycle send-text-osc@1.0.0~server: unsafe-perm in lifecycle true
9 verbose lifecycle send-text-osc@1.0.0~server: PATH: /usr/local/lib/node_modules/npm/bin/node-gyp-bin:/Users/vibertthio/Documents/blast-text/node_modules/.bin:/usr/local/lib/node_modules/npm/bin/node-gyp-bin:/Users/vibertthio/Documents/blast-text/node_modules/.bin:/Users/vibertthio/.rbenv/shims:/Users/vibertthio/.local/bin:/Users/vibertthio/.cabal/bin:/Applications/ghc-7.10.3.app/Contents/bin:/Library/Frameworks/Python.framework/Versions/3.5/bin:/usr/local/bin:/usr/bin:/bin:/usr/sbin:/sbin:/opt/X11/bin:/usr/local/mysql/bin
10 verbose lifecycle send-text-osc@1.0.0~server: CWD: /Users/vibertthio/Documents/blast-text
11 silly lifecycle send-text-osc@1.0.0~server: Args: [ '-c', 'PORT=3001 node index.js' ]
12 silly lifecycle send-text-osc@1.0.0~server: Returned: code: 1  signal: null
13 info lifecycle send-text-osc@1.0.0~server: Failed to exec server script
14 verbose stack Error: send-text-osc@1.0.0 server: `PORT=3001 node index.js`
14 verbose stack Exit status 1
14 verbose stack     at EventEmitter.<anonymous> (/usr/local/lib/node_modules/npm/lib/utils/lifecycle.js:279:16)
14 verbose stack     at emitTwo (events.js:106:13)
14 verbose stack     at EventEmitter.emit (events.js:194:7)
14 verbose stack     at ChildProcess.<anonymous> (/usr/local/lib/node_modules/npm/lib/utils/spawn.js:40:14)
14 verbose stack     at emitTwo (events.js:106:13)
14 verbose stack     at ChildProcess.emit (events.js:194:7)
14 verbose stack     at maybeClose (internal/child_process.js:899:16)
14 verbose stack     at Process.ChildProcess._handle.onexit (internal/child_process.js:226:5)
15 verbose pkgid send-text-osc@1.0.0
16 verbose cwd /Users/vibertthio/Documents/blast-text
17 error Darwin 16.4.0
18 error argv "/usr/local/Cellar/node/7.7.3/bin/node" "/usr/local/bin/npm" "run" "server"
19 error node v7.7.3
20 error npm  v4.1.2
21 error code ELIFECYCLE
22 error send-text-osc@1.0.0 server: `PORT=3001 node index.js`
22 error Exit status 1
23 error Failed at the send-text-osc@1.0.0 server script 'PORT=3001 node index.js'.
23 error Make sure you have the latest version of node.js and npm installed.
23 error If you do, this is most likely a problem with the send-text-osc package,
23 error not with npm itself.
23 error Tell the author that this fails on your system:
23 error     PORT=3001 node index.js
23 error You can get information on how to open an issue for this project with:
23 error     npm bugs send-text-osc
23 error Or if that isn't available, you can get their info via:
23 error     npm owner ls send-text-osc
23 error There is likely additional logging output above.
24 verbose exit [ 1, true ]
